<?xml version="1.0" encoding="UTF-8"?>
<!-- Generated by org.testng.reporters.JUnitXMLReporter -->
<testsuite hostname="DESKTOP-418NQCC" ignored="1" name="Default test(failed)" tests="1" failures="1" timestamp="10 Nov 2022 07:03:27 GMT" time="11.224" errors="0">
  <testcase name="test3" time="1.1" classname="org.testng.test.AssertTestNg">
    <failure type="java.lang.NullPointerException">
      <![CDATA[java.lang.NullPointerException
at org.openqa.selenium.support.pagefactory.DefaultElementLocator.findElement(DefaultElementLocator.java:70)
at org.openqa.selenium.support.pagefactory.internal.LocatingElementHandler.invoke(LocatingElementHandler.java:39)
at com.sun.proxy.$Proxy11.sendKeys(Unknown Source)
at org.base.BaseClass.sendkeys(BaseClass.java:70)
... Removed 26 stack frames]]>
    </failure>
  </testcase> <!-- test3 -->
  <testcase name="test4" time="0.0" classname="org.testng.test.AssertTestNg">
    <ignored/>
  </testcase> <!-- test4 -->
</testsuite> <!-- Default test(failed) -->
