<?xml version="1.0" encoding="UTF-8"?>
<!-- Generated by org.testng.reporters.JUnitXMLReporter -->
<testsuite hostname="DESKTOP-418NQCC" ignored="0" name="Test1" tests="9" failures="0" timestamp="21 Nov 2022 17:04:03 GMT" time="0.366" errors="0">
  <testcase name="TestB3" time="0.037" classname="org.abc.B"/>
  <testcase name="TestA3" time="0.038" classname="org.abc.A"/>
  <testcase name="TestA2" time="0.038" classname="org.abc.A"/>
  <testcase name="testA1" time="0.038" classname="org.abc.A"/>
  <testcase name="TestB2" time="0.101" classname="org.abc.B"/>
  <testcase name="testB1" time="0.015" classname="org.abc.B"/>
  <testcase name="TestC2" time="0.015" classname="org.abc.C"/>
  <testcase name="TestC3" time="0.016" classname="org.abc.C"/>
  <testcase name="testC1" time="0.016" classname="org.abc.C"/>
</testsuite> <!-- Test1 -->
