<?xml version="1.0" encoding="UTF-8"?>
<!-- Generated by org.testng.reporters.JUnitXMLReporter -->
<testsuite hostname="DESKTOP-418NQCC" ignored="0" name="Test3" tests="9" failures="0" timestamp="21 Nov 2022 17:04:03 GMT" time="0.156" errors="0">
  <testcase name="TestA2" time="0.0" classname="org.abc.A"/>
  <testcase name="TestA3" time="0.0" classname="org.abc.A"/>
  <testcase name="testA1" time="0.016" classname="org.abc.A"/>
  <testcase name="TestB2" time="0.0" classname="org.abc.B"/>
  <testcase name="TestB3" time="0.0" classname="org.abc.B"/>
  <testcase name="testB1" time="0.0" classname="org.abc.B"/>
  <testcase name="TestC2" time="0.0" classname="org.abc.C"/>
  <testcase name="TestC3" time="0.0" classname="org.abc.C"/>
  <testcase name="testC1" time="0.0" classname="org.abc.C"/>
</testsuite> <!-- Test3 -->
